<?xml version="1.0" encoding="UTF-8" standalone="yes"?><!DOCTYPE report PUBLIC "-//JACOCO//DTD Report 1.0//EN" "report.dtd"><report name="JaCoCoverage analysis (powered by JaCoCo from EclEmma)"><sessioninfo id="kiuru-badf6106" start="1439321350670" dump="1439321351115"/><sessioninfo id="kiuru-fb90a249" start="1439321351291" dump="1439321351682"/><package name=""><class name="AI"><method name="&lt;init&gt;" desc="()V" line="11"><counter type="INSTRUCTION" missed="3" covered="0"/><counter type="LINE" missed="1" covered="0"/><counter type="COMPLEXITY" missed="1" covered="0"/><counter type="METHOD" missed="1" covered="0"/></method><counter type="INSTRUCTION" missed="3" covered="0"/><counter type="LINE" missed="1" covered="0"/><counter type="COMPLEXITY" missed="1" covered="0"/><counter type="METHOD" missed="1" covered="0"/><counter type="CLASS" missed="1" covered="0"/></class><class name="Chessboard"><method name="&lt;init&gt;" desc="()V" line="26"><counter type="INSTRUCTION" missed="0" covered="311"/><counter type="LINE" missed="0" covered="6"/><counter type="COMPLEXITY" missed="0" covered="1"/><counter type="METHOD" missed="0" covered="1"/></method><method name="makeTestBoard" desc="(Z)V" line="47"><counter type="INSTRUCTION" missed="0" covered="620"/><counter type="BRANCH" missed="0" covered="2"/><counter type="LINE" missed="0" covered="11"/><counter type="COMPLEXITY" missed="0" covered="2"/><counter type="METHOD" missed="0" covered="1"/></method><method name="getBoard" desc="()[[C" line="83"><counter type="INSTRUCTION" missed="0" covered="3"/><counter type="LINE" missed="0" covered="1"/><counter type="COMPLEXITY" missed="0" covered="1"/><counter type="METHOD" missed="0" covered="1"/></method><method name="setBoard" desc="([[C)V" line="87"><counter type="INSTRUCTION" missed="0" covered="4"/><counter type="LINE" missed="0" covered="2"/><counter type="COMPLEXITY" missed="0" covered="1"/><counter type="METHOD" missed="0" covered="1"/></method><method name="movePawn" desc="(IIII)Z" line="99"><counter type="INSTRUCTION" missed="0" covered="144"/><counter type="BRANCH" missed="2" covered="32"/><counter type="LINE" missed="0" covered="26"/><counter type="COMPLEXITY" missed="2" covered="16"/><counter type="METHOD" missed="0" covered="1"/></method><method name="moveRook" desc="(IIII)Z" line="153"><counter type="INSTRUCTION" missed="42" covered="76"/><counter type="BRANCH" missed="16" covered="10"/><counter type="LINE" missed="10" covered="14"/><counter type="COMPLEXITY" missed="12" covered="2"/><counter type="METHOD" missed="0" covered="1"/></method><method name="moveKnight" desc="(IIII)Z" line="202"><counter type="INSTRUCTION" missed="10" covered="82"/><counter type="BRANCH" missed="8" covered="10"/><counter type="LINE" missed="4" covered="12"/><counter type="COMPLEXITY" missed="8" covered="2"/><counter type="METHOD" missed="0" covered="1"/></method><method name="moveBishop" desc="(IIII)Z" line="236"><counter type="INSTRUCTION" missed="33" covered="128"/><counter type="BRANCH" missed="16" covered="18"/><counter type="LINE" missed="9" covered="18"/><counter type="COMPLEXITY" missed="14" covered="4"/><counter type="METHOD" missed="0" covered="1"/></method><method name="moveQueen" desc="(IIII)Z" line="288"><counter type="INSTRUCTION" missed="114" covered="99"/><counter type="BRANCH" missed="33" covered="13"/><counter type="LINE" missed="19" covered="16"/><counter type="COMPLEXITY" missed="21" covered="3"/><counter type="METHOD" missed="0" covered="1"/></method><method name="moveKing" desc="(IIII)Z" line="357"><counter type="INSTRUCTION" missed="13" covered="73"/><counter type="BRANCH" missed="7" covered="7"/><counter type="LINE" missed="5" covered="11"/><counter type="COMPLEXITY" missed="7" covered="1"/><counter type="METHOD" missed="0" covered="1"/></method><method name="endSquareContainsEnemyOrEmpty" desc="(ZII)Z" line="389"><counter type="INSTRUCTION" missed="10" covered="22"/><counter type="BRANCH" missed="4" covered="2"/><counter type="LINE" missed="0" covered="2"/><counter type="COMPLEXITY" missed="3" covered="1"/><counter type="METHOD" missed="0" covered="1"/></method><method name="endSquareContainsEnemy" desc="(ZII)Z" line="401"><counter type="INSTRUCTION" missed="0" covered="18"/><counter type="BRANCH" missed="0" covered="2"/><counter type="LINE" missed="0" covered="1"/><counter type="COMPLEXITY" missed="0" covered="2"/><counter type="METHOD" missed="0" covered="1"/></method><method name="updateKingPosition" desc="(Z)V" line="409"><counter type="INSTRUCTION" missed="0" covered="36"/><counter type="BRANCH" missed="1" covered="7"/><counter type="LINE" missed="0" covered="8"/><counter type="COMPLEXITY" missed="1" covered="4"/><counter type="METHOD" missed="0" covered="1"/></method><method name="isItCheck" desc="(Z)Z" line="433"><counter type="INSTRUCTION" missed="117" covered="362"/><counter type="BRANCH" missed="37" covered="59"/><counter type="LINE" missed="18" covered="43"/><counter type="COMPLEXITY" missed="26" covered="23"/><counter type="METHOD" missed="0" covered="1"/></method><method name="getSquareContents" desc="(II)C" line="548"><counter type="INSTRUCTION" missed="0" covered="7"/><counter type="LINE" missed="0" covered="1"/><counter type="COMPLEXITY" missed="0" covered="1"/><counter type="METHOD" missed="0" covered="1"/></method><method name="moveKingForTest" desc="(ZII)V" line="558"><counter type="INSTRUCTION" missed="0" covered="18"/><counter type="BRANCH" missed="0" covered="2"/><counter type="LINE" missed="0" covered="4"/><counter type="COMPLEXITY" missed="0" covered="2"/><counter type="METHOD" missed="0" covered="1"/></method><method name="isCommandValid" desc="(IIII)Z" line="575"><counter type="INSTRUCTION" missed="0" covered="24"/><counter type="BRANCH" missed="4" covered="12"/><counter type="LINE" missed="0" covered="1"/><counter type="COMPLEXITY" missed="4" covered="5"/><counter type="METHOD" missed="0" covered="1"/></method><counter type="INSTRUCTION" missed="339" covered="2027"/><counter type="BRANCH" missed="128" covered="176"/><counter type="LINE" missed="65" covered="177"/><counter type="COMPLEXITY" missed="98" covered="71"/><counter type="METHOD" missed="0" covered="17"/><counter type="CLASS" missed="0" covered="1"/></class><class name="UserInterface"><method name="&lt;init&gt;" desc="()V" line="11"><counter type="INSTRUCTION" missed="3" covered="0"/><counter type="LINE" missed="1" covered="0"/><counter type="COMPLEXITY" missed="1" covered="0"/><counter type="METHOD" missed="1" covered="0"/></method><method name="draw" desc="([[C)V" line="18"><counter type="INSTRUCTION" missed="123" covered="0"/><counter type="BRANCH" missed="28" covered="0"/><counter type="LINE" missed="26" covered="0"/><counter type="COMPLEXITY" missed="15" covered="0"/><counter type="METHOD" missed="1" covered="0"/></method><counter type="INSTRUCTION" missed="126" covered="0"/><counter type="BRANCH" missed="28" covered="0"/><counter type="LINE" missed="27" covered="0"/><counter type="COMPLEXITY" missed="16" covered="0"/><counter type="METHOD" missed="2" covered="0"/><counter type="CLASS" missed="1" covered="0"/></class><class name="UserMovement"><method name="&lt;init&gt;" desc="()V" line="11"><counter type="INSTRUCTION" missed="3" covered="0"/><counter type="LINE" missed="1" covered="0"/><counter type="COMPLEXITY" missed="1" covered="0"/><counter type="METHOD" missed="1" covered="0"/></method><method name="movePiece" desc="(Ljava/lang/String;LChessboard;)Z" line="24"><counter type="INSTRUCTION" missed="46" covered="92"/><counter type="BRANCH" missed="15" covered="16"/><counter type="LINE" missed="13" covered="17"/><counter type="COMPLEXITY" missed="15" covered="4"/><counter type="METHOD" missed="0" covered="1"/></method><counter type="INSTRUCTION" missed="49" covered="92"/><counter type="BRANCH" missed="15" covered="16"/><counter type="LINE" missed="14" covered="17"/><counter type="COMPLEXITY" missed="16" covered="4"/><counter type="METHOD" missed="1" covered="1"/><counter type="CLASS" missed="0" covered="1"/></class><class name="Main"><method name="&lt;init&gt;" desc="()V" line="10"><counter type="INSTRUCTION" missed="3" covered="0"/><counter type="LINE" missed="1" covered="0"/><counter type="COMPLEXITY" missed="1" covered="0"/><counter type="METHOD" missed="1" covered="0"/></method><method name="main" desc="([Ljava/lang/String;)V" line="17"><counter type="INSTRUCTION" missed="44" covered="0"/><counter type="BRANCH" missed="6" covered="0"/><counter type="LINE" missed="14" covered="0"/><counter type="COMPLEXITY" missed="4" covered="0"/><counter type="METHOD" missed="1" covered="0"/></method><counter type="INSTRUCTION" missed="47" covered="0"/><counter type="BRANCH" missed="6" covered="0"/><counter type="LINE" missed="15" covered="0"/><counter type="COMPLEXITY" missed="5" covered="0"/><counter type="METHOD" missed="2" covered="0"/><counter type="CLASS" missed="1" covered="0"/></class><sourcefile name="Chessboard.java"><line nr="26" mi="0" ci="2" mb="0" cb="0"/><line nr="27" mi="0" ci="299" mb="0" cb="0"/><line nr="37" mi="0" ci="3" mb="0" cb="0"/><line nr="38" mi="0" ci="3" mb="0" cb="0"/><line nr="39" mi="0" ci="3" mb="0" cb="0"/><line nr="40" mi="0" ci="1" mb="0" cb="0"/><line nr="47" mi="0" ci="2" mb="0" cb="2"/><line nr="48" mi="0" ci="299" mb="0" cb="0"/><line nr="58" mi="0" ci="3" mb="0" cb="0"/><line nr="59" mi="0" ci="3" mb="0" cb="0"/><line nr="60" mi="0" ci="3" mb="0" cb="0"/><line nr="61" mi="0" ci="1" mb="0" cb="0"/><line nr="63" mi="0" ci="299" mb="0" cb="0"/><line nr="73" mi="0" ci="3" mb="0" cb="0"/><line nr="74" mi="0" ci="3" mb="0" cb="0"/><line nr="75" mi="0" ci="3" mb="0" cb="0"/><line nr="76" mi="0" ci="1" mb="0" cb="0"/><line nr="83" mi="0" ci="3" mb="0" cb="0"/><line nr="87" mi="0" ci="3" mb="0" cb="0"/><line nr="88" mi="0" ci="1" mb="0" cb="0"/><line nr="99" mi="0" ci="7" mb="0" cb="2"/><line nr="100" mi="0" ci="2" mb="0" cb="0"/><line nr="103" mi="0" ci="9" mb="0" cb="2"/><line nr="104" mi="0" ci="2" mb="0" cb="0"/><line nr="106" mi="0" ci="8" mb="0" cb="0"/><line nr="107" mi="0" ci="6" mb="0" cb="2"/><line nr="108" mi="0" ci="6" mb="0" cb="2"/><line nr="109" mi="0" ci="3" mb="0" cb="0"/><line nr="111" mi="0" ci="2" mb="0" cb="2"/><line nr="112" mi="0" ci="3" mb="0" cb="2"/><line nr="113" mi="0" ci="2" mb="0" cb="0"/><line nr="116" mi="0" ci="3" mb="0" cb="2"/><line nr="117" mi="0" ci="2" mb="0" cb="0"/><line nr="122" mi="0" ci="3" mb="0" cb="2"/><line nr="123" mi="0" ci="23" mb="0" cb="8"/><line nr="124" mi="0" ci="7" mb="0" cb="0"/><line nr="125" mi="0" ci="7" mb="0" cb="0"/><line nr="126" mi="0" ci="4" mb="1" cb="1"/><line nr="127" mi="0" ci="2" mb="0" cb="0"/><line nr="132" mi="0" ci="18" mb="0" cb="6"/><line nr="133" mi="0" ci="7" mb="0" cb="0"/><line nr="134" mi="0" ci="7" mb="0" cb="0"/><line nr="135" mi="0" ci="4" mb="1" cb="1"/><line nr="136" mi="0" ci="2" mb="0" cb="0"/><line nr="140" mi="0" ci="3" mb="0" cb="0"/><line nr="141" mi="0" ci="2" mb="0" cb="0"/><line nr="153" mi="0" ci="7" mb="1" cb="1"/><line nr="154" mi="2" ci="0" mb="0" cb="0"/><line nr="157" mi="0" ci="9" mb="1" cb="1"/><line nr="158" mi="2" ci="0" mb="0" cb="0"/><line nr="160" mi="0" ci="8" mb="0" cb="0"/><line nr="161" mi="1" ci="5" mb="1" cb="1"/><line nr="162" mi="0" ci="3" mb="0" cb="0"/><line nr="165" mi="0" ci="3" mb="0" cb="2"/><line nr="166" mi="2" ci="6" mb="1" cb="1"/><line nr="167" mi="8" ci="0" mb="2" cb="0"/><line nr="168" mi="2" ci="0" mb="0" cb="0"/><line nr="172" mi="0" ci="3" mb="1" cb="1"/><line nr="173" mi="2" ci="6" mb="1" cb="1"/><line nr="174" mi="8" ci="0" mb="2" cb="0"/><line nr="175" mi="2" ci="0" mb="0" cb="0"/><line nr="178" mi="6" ci="0" mb="4" cb="0"/><line nr="179" mi="2" ci="0" mb="0" cb="0"/><line nr="182" mi="0" ci="6" mb="1" cb="1"/><line nr="183" mi="0" ci="7" mb="0" cb="0"/><line nr="184" mi="0" ci="7" mb="0" cb="0"/><line nr="185" mi="0" ci="4" mb="1" cb="1"/><line nr="186" mi="0" ci="2" mb="0" cb="0"/><line nr="189" mi="3" ci="0" mb="0" cb="0"/><line nr="190" mi="2" ci="0" mb="0" cb="0"/><line nr="202" mi="0" ci="7" mb="1" cb="1"/><line nr="203" mi="2" ci="0" mb="0" cb="0"/><line nr="206" mi="0" ci="9" mb="1" cb="1"/><line nr="207" mi="2" ci="0" mb="0" cb="0"/><line nr="209" mi="0" ci="8" mb="0" cb="0"/><line nr="210" mi="1" ci="5" mb="1" cb="1"/><line nr="211" mi="0" ci="3" mb="0" cb="0"/><line nr="213" mi="0" ci="15" mb="1" cb="3"/><line nr="214" mi="0" ci="9" mb="2" cb="2"/><line nr="215" mi="0" ci="6" mb="1" cb="1"/><line nr="216" mi="0" ci="7" mb="0" cb="0"/><line nr="217" mi="0" ci="7" mb="0" cb="0"/><line nr="218" mi="0" ci="4" mb="1" cb="1"/><line nr="219" mi="0" ci="2" mb="0" cb="0"/><line nr="223" mi="3" ci="0" mb="0" cb="0"/><line nr="224" mi="2" ci="0" mb="0" cb="0"/><line nr="236" mi="0" ci="7" mb="1" cb="1"/><line nr="237" mi="2" ci="0" mb="0" cb="0"/><line nr="240" mi="0" ci="9" mb="1" cb="1"/><line nr="241" mi="2" ci="0" mb="0" cb="0"/><line nr="243" mi="0" ci="8" mb="0" cb="0"/><line nr="244" mi="1" ci="5" mb="1" cb="1"/><line nr="245" mi="0" ci="3" mb="0" cb="0"/><line nr="247" mi="0" ci="9" mb="1" cb="1"/><line nr="248" mi="0" ci="10" mb="0" cb="2"/><line nr="249" mi="0" ci="6" mb="1" cb="3"/><line nr="250" mi="0" ci="12" mb="1" cb="1"/><line nr="251" mi="2" ci="0" mb="0" cb="0"/><line nr="253" mi="3" ci="3" mb="3" cb="1"/><line nr="254" mi="12" ci="0" mb="2" cb="0"/><line nr="255" mi="2" ci="0" mb="0" cb="0"/><line nr="257" mi="0" ci="6" mb="1" cb="3"/><line nr="258" mi="0" ci="12" mb="1" cb="1"/><line nr="259" mi="2" ci="0" mb="0" cb="0"/><line nr="262" mi="0" ci="12" mb="1" cb="1"/><line nr="263" mi="2" ci="0" mb="0" cb="0"/><line nr="267" mi="0" ci="6" mb="1" cb="1"/><line nr="268" mi="0" ci="7" mb="0" cb="0"/><line nr="269" mi="0" ci="7" mb="0" cb="0"/><line nr="270" mi="0" ci="4" mb="1" cb="1"/><line nr="271" mi="0" ci="2" mb="0" cb="0"/><line nr="275" mi="3" ci="0" mb="0" cb="0"/><line nr="276" mi="2" ci="0" mb="0" cb="0"/><line nr="288" mi="0" ci="7" mb="1" cb="1"/><line nr="289" mi="2" ci="0" mb="0" cb="0"/><line nr="292" mi="0" ci="9" mb="1" cb="1"/><line nr="293" mi="2" ci="0" mb="0" cb="0"/><line nr="295" mi="0" ci="8" mb="0" cb="0"/><line nr="296" mi="1" ci="5" mb="1" cb="1"/><line nr="297" mi="0" ci="3" mb="0" cb="0"/><line nr="300" mi="0" ci="9" mb="0" cb="2"/><line nr="301" mi="2" ci="9" mb="1" cb="1"/><line nr="302" mi="6" ci="0" mb="4" cb="0"/><line nr="303" mi="12" ci="0" mb="2" cb="0"/><line nr="304" mi="2" ci="0" mb="0" cb="0"/><line nr="306" mi="6" ci="0" mb="4" cb="0"/><line nr="307" mi="12" ci="0" mb="2" cb="0"/><line nr="308" mi="2" ci="0" mb="0" cb="0"/><line nr="310" mi="6" ci="0" mb="4" cb="0"/><line nr="311" mi="12" ci="0" mb="2" cb="0"/><line nr="312" mi="2" ci="0" mb="0" cb="0"/><line nr="315" mi="12" ci="0" mb="2" cb="0"/><line nr="316" mi="2" ci="0" mb="0" cb="0"/><line nr="321" mi="0" ci="3" mb="0" cb="2"/><line nr="322" mi="2" ci="9" mb="1" cb="1"/><line nr="323" mi="10" ci="0" mb="2" cb="0"/><line nr="324" mi="2" ci="0" mb="0" cb="0"/><line nr="329" mi="0" ci="3" mb="1" cb="1"/><line nr="330" mi="2" ci="8" mb="1" cb="1"/><line nr="331" mi="10" ci="0" mb="2" cb="0"/><line nr="332" mi="2" ci="0" mb="0" cb="0"/><line nr="337" mi="0" ci="6" mb="1" cb="1"/><line nr="338" mi="0" ci="7" mb="0" cb="0"/><line nr="339" mi="0" ci="7" mb="0" cb="0"/><line nr="340" mi="0" ci="4" mb="1" cb="1"/><line nr="341" mi="0" ci="2" mb="0" cb="0"/><line nr="344" mi="3" ci="0" mb="0" cb="0"/><line nr="345" mi="2" ci="0" mb="0" cb="0"/><line nr="357" mi="0" ci="7" mb="1" cb="1"/><line nr="358" mi="2" ci="0" mb="0" cb="0"/><line nr="361" mi="0" ci="9" mb="1" cb="1"/><line nr="362" mi="2" ci="0" mb="0" cb="0"/><line nr="364" mi="0" ci="8" mb="0" cb="0"/><line nr="365" mi="1" ci="5" mb="1" cb="1"/><line nr="366" mi="0" ci="3" mb="0" cb="0"/><line nr="368" mi="0" ci="18" mb="3" cb="3"/><line nr="369" mi="0" ci="7" mb="0" cb="0"/><line nr="370" mi="0" ci="7" mb="0" cb="0"/><line nr="371" mi="0" ci="3" mb="0" cb="0"/><line nr="372" mi="0" ci="4" mb="1" cb="1"/><line nr="373" mi="0" ci="2" mb="0" cb="0"/><line nr="376" mi="3" ci="0" mb="0" cb="0"/><line nr="377" mi="3" ci="0" mb="0" cb="0"/><line nr="378" mi="2" ci="0" mb="0" cb="0"/><line nr="389" mi="7" ci="11" mb="1" cb="1"/><line nr="390" mi="3" ci="11" mb="3" cb="1"/><line nr="401" mi="0" ci="18" mb="0" cb="2"/><line nr="409" mi="0" ci="6" mb="0" cb="2"/><line nr="410" mi="0" ci="7" mb="1" cb="1"/><line nr="411" mi="0" ci="12" mb="0" cb="2"/><line nr="412" mi="0" ci="2" mb="0" cb="2"/><line nr="413" mi="0" ci="4" mb="0" cb="0"/><line nr="415" mi="0" ci="3" mb="0" cb="0"/><line nr="417" mi="0" ci="1" mb="0" cb="0"/><line nr="420" mi="0" ci="1" mb="0" cb="0"/><line nr="433" mi="0" ci="2" mb="0" cb="2"/><line nr="434" mi="0" ci="2" mb="0" cb="0"/><line nr="435" mi="0" ci="2" mb="0" cb="0"/><line nr="436" mi="0" ci="2" mb="0" cb="0"/><line nr="437" mi="0" ci="2" mb="0" cb="0"/><line nr="438" mi="0" ci="2" mb="0" cb="0"/><line nr="439" mi="0" ci="2" mb="0" cb="0"/><line nr="440" mi="0" ci="5" mb="0" cb="0"/><line nr="441" mi="0" ci="6" mb="0" cb="0"/><line nr="444" mi="0" ci="2" mb="0" cb="0"/><line nr="445" mi="0" ci="2" mb="0" cb="0"/><line nr="446" mi="0" ci="2" mb="0" cb="0"/><line nr="447" mi="0" ci="2" mb="0" cb="0"/><line nr="448" mi="0" ci="2" mb="0" cb="0"/><line nr="449" mi="0" ci="2" mb="0" cb="0"/><line nr="450" mi="0" ci="5" mb="0" cb="0"/><line nr="451" mi="0" ci="5" mb="0" cb="0"/><line nr="455" mi="0" ci="7" mb="0" cb="2"/><line nr="458" mi="0" ci="28" mb="0" cb="8"/><line nr="459" mi="0" ci="12" mb="1" cb="1"/><line nr="460" mi="2" ci="0" mb="0" cb="0"/><line nr="465" mi="0" ci="21" mb="0" cb="4"/><line nr="466" mi="0" ci="11" mb="0" cb="4"/><line nr="467" mi="0" ci="12" mb="1" cb="1"/><line nr="468" mi="2" ci="0" mb="0" cb="0"/><line nr="473" mi="0" ci="37" mb="1" cb="5"/><line nr="474" mi="0" ci="2" mb="0" cb="0"/><line nr="475" mi="0" ci="12" mb="0" cb="2"/><line nr="476" mi="17" ci="5" mb="5" cb="1"/><line nr="477" mi="2" ci="0" mb="0" cb="0"/><line nr="479" mi="0" ci="22" mb="1" cb="5"/><line nr="480" mi="0" ci="2" mb="0" cb="0"/><line nr="482" mi="17" ci="5" mb="5" cb="1"/><line nr="483" mi="2" ci="0" mb="0" cb="0"/><line nr="485" mi="0" ci="22" mb="1" cb="5"/><line nr="486" mi="0" ci="2" mb="0" cb="0"/><line nr="489" mi="0" ci="2" mb="1" cb="1"/><line nr="490" mi="2" ci="0" mb="0" cb="0"/><line nr="496" mi="0" ci="29" mb="2" cb="4"/><line nr="497" mi="2" ci="0" mb="0" cb="0"/><line nr="498" mi="12" ci="0" mb="2" cb="0"/><line nr="499" mi="5" ci="0" mb="2" cb="0"/><line nr="500" mi="10" ci="0" mb="2" cb="0"/><line nr="501" mi="3" ci="0" mb="0" cb="0"/><line nr="504" mi="10" ci="0" mb="2" cb="0"/><line nr="505" mi="2" ci="0" mb="0" cb="0"/><line nr="509" mi="2" ci="0" mb="2" cb="0"/><line nr="510" mi="2" ci="0" mb="0" cb="0"/><line nr="515" mi="0" ci="29" mb="1" cb="5"/><line nr="516" mi="0" ci="2" mb="0" cb="0"/><line nr="517" mi="0" ci="12" mb="0" cb="2"/><line nr="518" mi="0" ci="5" mb="1" cb="1"/><line nr="519" mi="10" ci="0" mb="2" cb="0"/><line nr="520" mi="3" ci="0" mb="0" cb="0"/><line nr="523" mi="0" ci="10" mb="1" cb="1"/><line nr="524" mi="2" ci="0" mb="0" cb="0"/><line nr="528" mi="0" ci="2" mb="1" cb="1"/><line nr="529" mi="0" ci="2" mb="0" cb="0"/><line nr="534" mi="8" ci="20" mb="3" cb="3"/><line nr="535" mi="2" ci="0" mb="0" cb="0"/><line nr="538" mi="0" ci="2" mb="0" cb="0"/><line nr="548" mi="0" ci="7" mb="0" cb="0"/><line nr="558" mi="0" ci="2" mb="0" cb="2"/><line nr="559" mi="0" ci="8" mb="0" cb="0"/><line nr="561" mi="0" ci="7" mb="0" cb="0"/><line nr="563" mi="0" ci="1" mb="0" cb="0"/><line nr="575" mi="0" ci="24" mb="4" cb="12"/><counter type="INSTRUCTION" missed="339" covered="2027"/><counter type="BRANCH" missed="128" covered="176"/><counter type="LINE" missed="65" covered="177"/><counter type="COMPLEXITY" missed="98" covered="71"/><counter type="METHOD" missed="0" covered="17"/><counter type="CLASS" missed="0" covered="1"/></sourcefile><sourcefile name="UserInterface.java"><line nr="11" mi="3" ci="0" mb="0" cb="0"/><line nr="18" mi="7" ci="0" mb="2" cb="0"/><line nr="19" mi="7" ci="0" mb="2" cb="0"/><line nr="21" mi="5" ci="0" mb="4" cb="0"/><line nr="22" mi="2" ci="0" mb="2" cb="0"/><line nr="23" mi="3" ci="0" mb="0" cb="0"/><line nr="25" mi="4" ci="0" mb="0" cb="0"/><line nr="28" mi="4" ci="0" mb="2" cb="0"/><line nr="29" mi="5" ci="0" mb="4" cb="0"/><line nr="30" mi="2" ci="0" mb="2" cb="0"/><line nr="31" mi="3" ci="0" mb="0" cb="0"/><line nr="33" mi="4" ci="0" mb="0" cb="0"/><line nr="35" mi="4" ci="0" mb="0" cb="0"/><line nr="40" mi="4" ci="0" mb="2" cb="0"/><line nr="41" mi="2" ci="0" mb="2" cb="0"/><line nr="43" mi="19" ci="0" mb="0" cb="0"/><line nr="45" mi="4" ci="0" mb="0" cb="0"/><line nr="49" mi="6" ci="0" mb="2" cb="0"/><line nr="54" mi="16" ci="0" mb="0" cb="0"/><line nr="56" mi="3" ci="0" mb="0" cb="0"/><line nr="62" mi="3" ci="0" mb="2" cb="0"/><line nr="63" mi="3" ci="0" mb="0" cb="0"/><line nr="65" mi="3" ci="0" mb="2" cb="0"/><line nr="66" mi="3" ci="0" mb="0" cb="0"/><line nr="68" mi="3" ci="0" mb="0" cb="0"/><line nr="70" mi="3" ci="0" mb="0" cb="0"/><line nr="71" mi="1" ci="0" mb="0" cb="0"/><counter type="INSTRUCTION" missed="126" covered="0"/><counter type="BRANCH" missed="28" covered="0"/><counter type="LINE" missed="27" covered="0"/><counter type="COMPLEXITY" missed="16" covered="0"/><counter type="METHOD" missed="2" covered="0"/><counter type="CLASS" missed="1" covered="0"/></sourcefile><sourcefile name="UserMovement.java"><line nr="11" mi="3" ci="0" mb="0" cb="0"/><line nr="24" mi="0" ci="3" mb="0" cb="0"/><line nr="25" mi="0" ci="4" mb="0" cb="2"/><line nr="26" mi="0" ci="2" mb="0" cb="0"/><line nr="29" mi="0" ci="6" mb="0" cb="0"/><line nr="30" mi="0" ci="8" mb="0" cb="0"/><line nr="31" mi="0" ci="6" mb="0" cb="0"/><line nr="32" mi="0" ci="7" mb="0" cb="0"/><line nr="33" mi="0" ci="24" mb="7" cb="9"/><line nr="37" mi="0" ci="2" mb="0" cb="2"/><line nr="38" mi="0" ci="2" mb="0" cb="0"/><line nr="40" mi="0" ci="3" mb="0" cb="0"/><line nr="41" mi="0" ci="7" mb="1" cb="1"/><line nr="42" mi="2" ci="0" mb="0" cb="0"/><line nr="44" mi="0" ci="6" mb="6" cb="1"/><line nr="45" mi="0" ci="7" mb="0" cb="0"/><line nr="46" mi="0" ci="1" mb="0" cb="0"/><line nr="47" mi="7" ci="0" mb="0" cb="0"/><line nr="48" mi="1" ci="0" mb="0" cb="0"/><line nr="49" mi="7" ci="0" mb="0" cb="0"/><line nr="50" mi="1" ci="0" mb="0" cb="0"/><line nr="51" mi="7" ci="0" mb="0" cb="0"/><line nr="52" mi="1" ci="0" mb="0" cb="0"/><line nr="53" mi="7" ci="0" mb="0" cb="0"/><line nr="54" mi="1" ci="0" mb="0" cb="0"/><line nr="55" mi="7" ci="0" mb="0" cb="0"/><line nr="56" mi="1" ci="0" mb="0" cb="0"/><line nr="57" mi="2" ci="0" mb="0" cb="0"/><line nr="60" mi="0" ci="2" mb="1" cb="1"/><line nr="61" mi="2" ci="0" mb="0" cb="0"/><line nr="63" mi="0" ci="2" mb="0" cb="0"/><counter type="INSTRUCTION" missed="49" covered="92"/><counter type="BRANCH" missed="15" covered="16"/><counter type="LINE" missed="14" covered="17"/><counter type="COMPLEXITY" missed="16" covered="4"/><counter type="METHOD" missed="1" covered="1"/><counter type="CLASS" missed="0" covered="1"/></sourcefile><sourcefile name="Main.java"><line nr="10" mi="3" ci="0" mb="0" cb="0"/><line nr="17" mi="4" ci="0" mb="0" cb="0"/><line nr="18" mi="5" ci="0" mb="0" cb="0"/><line nr="20" mi="2" ci="0" mb="0" cb="0"/><line nr="21" mi="3" ci="0" mb="0" cb="0"/><line nr="22" mi="3" ci="0" mb="0" cb="0"/><line nr="29" mi="3" ci="0" mb="0" cb="0"/><line nr="30" mi="3" ci="0" mb="0" cb="0"/><line nr="31" mi="4" ci="0" mb="2" cb="0"/><line nr="32" mi="3" ci="0" mb="0" cb="0"/><line nr="34" mi="4" ci="0" mb="2" cb="0"/><line nr="35" mi="4" ci="0" mb="0" cb="0"/><line nr="37" mi="3" ci="0" mb="0" cb="0"/><line nr="40" mi="2" ci="0" mb="2" cb="0"/><line nr="41" mi="1" ci="0" mb="0" cb="0"/><counter type="INSTRUCTION" missed="47" covered="0"/><counter type="BRANCH" missed="6" covered="0"/><counter type="LINE" missed="15" covered="0"/><counter type="COMPLEXITY" missed="5" covered="0"/><counter type="METHOD" missed="2" covered="0"/><counter type="CLASS" missed="1" covered="0"/></sourcefile><sourcefile name="AI.java"><line nr="11" mi="3" ci="0" mb="0" cb="0"/><counter type="INSTRUCTION" missed="3" covered="0"/><counter type="LINE" missed="1" covered="0"/><counter type="COMPLEXITY" missed="1" covered="0"/><counter type="METHOD" missed="1" covered="0"/><counter type="CLASS" missed="1" covered="0"/></sourcefile><counter type="INSTRUCTION" missed="564" covered="2119"/><counter type="BRANCH" missed="177" covered="192"/><counter type="LINE" missed="122" covered="194"/><counter type="COMPLEXITY" missed="136" covered="75"/><counter type="METHOD" missed="6" covered="18"/><counter type="CLASS" missed="3" covered="2"/></package><counter type="INSTRUCTION" missed="564" covered="2119"/><counter type="BRANCH" missed="177" covered="192"/><counter type="LINE" missed="122" covered="194"/><counter type="COMPLEXITY" missed="136" covered="75"/><counter type="METHOD" missed="6" covered="18"/><counter type="CLASS" missed="3" covered="2"/></report>